2016-11-28 23:34:00,798 - Log4JLogChute initialized using file 'velocity.log'
2016-11-28 23:34:00,798 - Initializing Velocity, Calling init()...
2016-11-28 23:34:00,798 - Starting Apache Velocity v@build.version@ (compiled: @build.time@)
2016-11-28 23:34:00,798 - Default Properties File: bboss-velocity.properties
2016-11-28 23:34:00,798 - Trying to use logger class bboss.org.apache.velocity.runtime.log.AvalonLogChute
2016-11-28 23:34:00,798 - Target log system for bboss.org.apache.velocity.runtime.log.AvalonLogChute is not available (java.lang.NoClassDefFoundError: org/apache/log/format/Formatter).  Falling back to next log system...
2016-11-28 23:34:00,798 - Trying to use logger class bboss.org.apache.velocity.runtime.log.Log4JLogChute
2016-11-28 23:34:00,799 - Using logger class bboss.org.apache.velocity.runtime.log.Log4JLogChute
2016-11-28 23:34:00,802 - ResourceLoader instantiated: bboss.org.apache.velocity.runtime.resource.loader.ClasspathResourceLoader
2016-11-28 23:34:00,811 - ResourceCache: initialized (class bboss.org.apache.velocity.runtime.resource.ResourceCacheImpl) with class java.util.Collections$SynchronizedMap cache map.
2016-11-28 23:34:00,812 - Loaded System Directive: bboss.org.apache.velocity.runtime.directive.Stop
2016-11-28 23:34:00,812 - Loaded System Directive: bboss.org.apache.velocity.runtime.directive.Define
2016-11-28 23:34:00,812 - Loaded System Directive: bboss.org.apache.velocity.runtime.directive.Break
2016-11-28 23:34:00,813 - Loaded System Directive: bboss.org.apache.velocity.runtime.directive.Evaluate
2016-11-28 23:34:00,813 - Loaded System Directive: bboss.org.apache.velocity.runtime.directive.Literal
2016-11-28 23:34:00,814 - Loaded System Directive: bboss.org.apache.velocity.runtime.directive.Macro
2016-11-28 23:34:00,814 - Loaded System Directive: bboss.org.apache.velocity.runtime.directive.Parse
2016-11-28 23:34:00,815 - Loaded System Directive: bboss.org.apache.velocity.runtime.directive.Include
2016-11-28 23:34:00,815 - Loaded System Directive: bboss.org.apache.velocity.runtime.directive.Foreach
2016-11-28 23:34:00,831 - Created '20' parsers.
2016-11-28 23:34:00,832 - Created '20' parsers.
2016-11-28 23:34:00,835 - Velocimacro : "velocimacro.library" is not set.  Trying default library: VM_global_library.vm
2016-11-28 23:34:00,835 - Could not load resource 'VM_global_library.vm' from ResourceLoader bboss.org.apache.velocity.runtime.resource.loader.ClasspathResourceLoader: ClasspathResourceLoader Error: cannot find resource VM_global_library.vm
2016-11-28 23:34:00,835 - Velocimacro : Default library not found.
2016-11-28 23:34:00,835 - Velocimacro : allowInline = true : VMs can be defined inline in templates
2016-11-28 23:34:00,835 - Velocimacro : allowInlineToOverride = false : VMs defined inline may NOT replace previous VM definitions
2016-11-28 23:34:00,835 - Velocimacro : allowInlineLocal = false : VMs defined inline will be global in scope if allowed.
2016-11-28 23:34:00,835 - Velocimacro : autoload off : VM system will not automatically reload global library macros
2016-11-28 23:36:10,989 - Log4JLogChute initialized using file 'velocity.log'
2016-11-28 23:36:10,989 - Initializing Velocity, Calling init()...
2016-11-28 23:36:10,989 - Starting Apache Velocity v@build.version@ (compiled: @build.time@)
2016-11-28 23:36:10,989 - Default Properties File: bboss-velocity.properties
2016-11-28 23:36:10,989 - Trying to use logger class bboss.org.apache.velocity.runtime.log.AvalonLogChute
2016-11-28 23:36:10,989 - Target log system for bboss.org.apache.velocity.runtime.log.AvalonLogChute is not available (java.lang.NoClassDefFoundError: org/apache/log/format/Formatter).  Falling back to next log system...
2016-11-28 23:36:10,989 - Trying to use logger class bboss.org.apache.velocity.runtime.log.Log4JLogChute
2016-11-28 23:36:10,989 - Using logger class bboss.org.apache.velocity.runtime.log.Log4JLogChute
2016-11-28 23:36:10,991 - ResourceLoader instantiated: bboss.org.apache.velocity.runtime.resource.loader.ClasspathResourceLoader
2016-11-28 23:36:10,999 - ResourceCache: initialized (class bboss.org.apache.velocity.runtime.resource.ResourceCacheImpl) with class java.util.Collections$SynchronizedMap cache map.
2016-11-28 23:36:11,000 - Loaded System Directive: bboss.org.apache.velocity.runtime.directive.Stop
2016-11-28 23:36:11,001 - Loaded System Directive: bboss.org.apache.velocity.runtime.directive.Define
2016-11-28 23:36:11,001 - Loaded System Directive: bboss.org.apache.velocity.runtime.directive.Break
2016-11-28 23:36:11,001 - Loaded System Directive: bboss.org.apache.velocity.runtime.directive.Evaluate
2016-11-28 23:36:11,002 - Loaded System Directive: bboss.org.apache.velocity.runtime.directive.Literal
2016-11-28 23:36:11,002 - Loaded System Directive: bboss.org.apache.velocity.runtime.directive.Macro
2016-11-28 23:36:11,003 - Loaded System Directive: bboss.org.apache.velocity.runtime.directive.Parse
2016-11-28 23:36:11,003 - Loaded System Directive: bboss.org.apache.velocity.runtime.directive.Include
2016-11-28 23:36:11,004 - Loaded System Directive: bboss.org.apache.velocity.runtime.directive.Foreach
2016-11-28 23:36:11,017 - Created '20' parsers.
2016-11-28 23:36:11,018 - Created '20' parsers.
2016-11-28 23:36:11,021 - Velocimacro : "velocimacro.library" is not set.  Trying default library: VM_global_library.vm
2016-11-28 23:36:11,021 - Could not load resource 'VM_global_library.vm' from ResourceLoader bboss.org.apache.velocity.runtime.resource.loader.ClasspathResourceLoader: ClasspathResourceLoader Error: cannot find resource VM_global_library.vm
2016-11-28 23:36:11,021 - Velocimacro : Default library not found.
2016-11-28 23:36:11,021 - Velocimacro : allowInline = true : VMs can be defined inline in templates
2016-11-28 23:36:11,022 - Velocimacro : allowInlineToOverride = false : VMs defined inline may NOT replace previous VM definitions
2016-11-28 23:36:11,022 - Velocimacro : allowInlineLocal = false : VMs defined inline will be global in scope if allowed.
2016-11-28 23:36:11,022 - Velocimacro : autoload off : VM system will not automatically reload global library macros
2016-11-28 23:49:57,029 - Log4JLogChute initialized using file 'velocity.log'
2016-11-28 23:49:57,029 - Initializing Velocity, Calling init()...
2016-11-28 23:49:57,029 - Starting Apache Velocity v@build.version@ (compiled: @build.time@)
2016-11-28 23:49:57,029 - Default Properties File: bboss-velocity.properties
2016-11-28 23:49:57,029 - Trying to use logger class bboss.org.apache.velocity.runtime.log.AvalonLogChute
2016-11-28 23:49:57,029 - Target log system for bboss.org.apache.velocity.runtime.log.AvalonLogChute is not available (java.lang.NoClassDefFoundError: org/apache/log/format/Formatter).  Falling back to next log system...
2016-11-28 23:49:57,029 - Trying to use logger class bboss.org.apache.velocity.runtime.log.Log4JLogChute
2016-11-28 23:49:57,029 - Using logger class bboss.org.apache.velocity.runtime.log.Log4JLogChute
2016-11-28 23:49:57,031 - ResourceLoader instantiated: bboss.org.apache.velocity.runtime.resource.loader.ClasspathResourceLoader
2016-11-28 23:49:57,040 - ResourceCache: initialized (class bboss.org.apache.velocity.runtime.resource.ResourceCacheImpl) with class java.util.Collections$SynchronizedMap cache map.
2016-11-28 23:49:57,041 - Loaded System Directive: bboss.org.apache.velocity.runtime.directive.Stop
2016-11-28 23:49:57,041 - Loaded System Directive: bboss.org.apache.velocity.runtime.directive.Define
2016-11-28 23:49:57,041 - Loaded System Directive: bboss.org.apache.velocity.runtime.directive.Break
2016-11-28 23:49:57,042 - Loaded System Directive: bboss.org.apache.velocity.runtime.directive.Evaluate
2016-11-28 23:49:57,042 - Loaded System Directive: bboss.org.apache.velocity.runtime.directive.Literal
2016-11-28 23:49:57,043 - Loaded System Directive: bboss.org.apache.velocity.runtime.directive.Macro
2016-11-28 23:49:57,044 - Loaded System Directive: bboss.org.apache.velocity.runtime.directive.Parse
2016-11-28 23:49:57,044 - Loaded System Directive: bboss.org.apache.velocity.runtime.directive.Include
2016-11-28 23:49:57,045 - Loaded System Directive: bboss.org.apache.velocity.runtime.directive.Foreach
2016-11-28 23:49:57,061 - Created '20' parsers.
2016-11-28 23:49:57,062 - Created '20' parsers.
2016-11-28 23:49:57,065 - Velocimacro : "velocimacro.library" is not set.  Trying default library: VM_global_library.vm
2016-11-28 23:49:57,066 - Could not load resource 'VM_global_library.vm' from ResourceLoader bboss.org.apache.velocity.runtime.resource.loader.ClasspathResourceLoader: ClasspathResourceLoader Error: cannot find resource VM_global_library.vm
2016-11-28 23:49:57,066 - Velocimacro : Default library not found.
2016-11-28 23:49:57,066 - Velocimacro : allowInline = true : VMs can be defined inline in templates
2016-11-28 23:49:57,066 - Velocimacro : allowInlineToOverride = false : VMs defined inline may NOT replace previous VM definitions
2016-11-28 23:49:57,066 - Velocimacro : allowInlineLocal = false : VMs defined inline will be global in scope if allowed.
2016-11-28 23:49:57,066 - Velocimacro : autoload off : VM system will not automatically reload global library macros
2016-11-28 23:55:51,237 - Log4JLogChute initialized using file 'velocity.log'
2016-11-28 23:55:51,237 - Initializing Velocity, Calling init()...
2016-11-28 23:55:51,237 - Starting Apache Velocity v@build.version@ (compiled: @build.time@)
2016-11-28 23:55:51,237 - Default Properties File: bboss-velocity.properties
2016-11-28 23:55:51,237 - Trying to use logger class bboss.org.apache.velocity.runtime.log.AvalonLogChute
2016-11-28 23:55:51,237 - Target log system for bboss.org.apache.velocity.runtime.log.AvalonLogChute is not available (java.lang.NoClassDefFoundError: org/apache/log/format/Formatter).  Falling back to next log system...
2016-11-28 23:55:51,237 - Trying to use logger class bboss.org.apache.velocity.runtime.log.Log4JLogChute
2016-11-28 23:55:51,237 - Using logger class bboss.org.apache.velocity.runtime.log.Log4JLogChute
2016-11-28 23:55:51,239 - ResourceLoader instantiated: bboss.org.apache.velocity.runtime.resource.loader.ClasspathResourceLoader
2016-11-28 23:55:51,247 - ResourceCache: initialized (class bboss.org.apache.velocity.runtime.resource.ResourceCacheImpl) with class java.util.Collections$SynchronizedMap cache map.
2016-11-28 23:55:51,248 - Loaded System Directive: bboss.org.apache.velocity.runtime.directive.Stop
2016-11-28 23:55:51,249 - Loaded System Directive: bboss.org.apache.velocity.runtime.directive.Define
2016-11-28 23:55:51,249 - Loaded System Directive: bboss.org.apache.velocity.runtime.directive.Break
2016-11-28 23:55:51,250 - Loaded System Directive: bboss.org.apache.velocity.runtime.directive.Evaluate
2016-11-28 23:55:51,250 - Loaded System Directive: bboss.org.apache.velocity.runtime.directive.Literal
2016-11-28 23:55:51,251 - Loaded System Directive: bboss.org.apache.velocity.runtime.directive.Macro
2016-11-28 23:55:51,251 - Loaded System Directive: bboss.org.apache.velocity.runtime.directive.Parse
2016-11-28 23:55:51,252 - Loaded System Directive: bboss.org.apache.velocity.runtime.directive.Include
2016-11-28 23:55:51,252 - Loaded System Directive: bboss.org.apache.velocity.runtime.directive.Foreach
2016-11-28 23:55:51,269 - Created '20' parsers.
2016-11-28 23:55:51,270 - Created '20' parsers.
2016-11-28 23:55:51,272 - Velocimacro : "velocimacro.library" is not set.  Trying default library: VM_global_library.vm
2016-11-28 23:55:51,273 - Could not load resource 'VM_global_library.vm' from ResourceLoader bboss.org.apache.velocity.runtime.resource.loader.ClasspathResourceLoader: ClasspathResourceLoader Error: cannot find resource VM_global_library.vm
2016-11-28 23:55:51,273 - Velocimacro : Default library not found.
2016-11-28 23:55:51,273 - Velocimacro : allowInline = true : VMs can be defined inline in templates
2016-11-28 23:55:51,273 - Velocimacro : allowInlineToOverride = false : VMs defined inline may NOT replace previous VM definitions
2016-11-28 23:55:51,273 - Velocimacro : allowInlineLocal = false : VMs defined inline will be global in scope if allowed.
2016-11-28 23:55:51,273 - Velocimacro : autoload off : VM system will not automatically reload global library macros
2016-11-29 00:01:09,378 - Log4JLogChute initialized using file 'velocity.log'
2016-11-29 00:01:09,378 - Initializing Velocity, Calling init()...
2016-11-29 00:01:09,378 - Starting Apache Velocity v@build.version@ (compiled: @build.time@)
2016-11-29 00:01:09,378 - Default Properties File: bboss-velocity.properties
2016-11-29 00:01:09,378 - Trying to use logger class bboss.org.apache.velocity.runtime.log.AvalonLogChute
2016-11-29 00:01:09,378 - Target log system for bboss.org.apache.velocity.runtime.log.AvalonLogChute is not available (java.lang.NoClassDefFoundError: org/apache/log/format/Formatter).  Falling back to next log system...
2016-11-29 00:01:09,378 - Trying to use logger class bboss.org.apache.velocity.runtime.log.Log4JLogChute
2016-11-29 00:01:09,378 - Using logger class bboss.org.apache.velocity.runtime.log.Log4JLogChute
2016-11-29 00:01:09,380 - ResourceLoader instantiated: bboss.org.apache.velocity.runtime.resource.loader.ClasspathResourceLoader
2016-11-29 00:01:09,388 - ResourceCache: initialized (class bboss.org.apache.velocity.runtime.resource.ResourceCacheImpl) with class java.util.Collections$SynchronizedMap cache map.
2016-11-29 00:01:09,388 - Loaded System Directive: bboss.org.apache.velocity.runtime.directive.Stop
2016-11-29 00:01:09,389 - Loaded System Directive: bboss.org.apache.velocity.runtime.directive.Define
2016-11-29 00:01:09,389 - Loaded System Directive: bboss.org.apache.velocity.runtime.directive.Break
2016-11-29 00:01:09,390 - Loaded System Directive: bboss.org.apache.velocity.runtime.directive.Evaluate
2016-11-29 00:01:09,390 - Loaded System Directive: bboss.org.apache.velocity.runtime.directive.Literal
2016-11-29 00:01:09,390 - Loaded System Directive: bboss.org.apache.velocity.runtime.directive.Macro
2016-11-29 00:01:09,391 - Loaded System Directive: bboss.org.apache.velocity.runtime.directive.Parse
2016-11-29 00:01:09,392 - Loaded System Directive: bboss.org.apache.velocity.runtime.directive.Include
2016-11-29 00:01:09,392 - Loaded System Directive: bboss.org.apache.velocity.runtime.directive.Foreach
2016-11-29 00:01:09,407 - Created '20' parsers.
2016-11-29 00:01:09,407 - Created '20' parsers.
2016-11-29 00:01:09,410 - Velocimacro : "velocimacro.library" is not set.  Trying default library: VM_global_library.vm
2016-11-29 00:01:09,410 - Could not load resource 'VM_global_library.vm' from ResourceLoader bboss.org.apache.velocity.runtime.resource.loader.ClasspathResourceLoader: ClasspathResourceLoader Error: cannot find resource VM_global_library.vm
2016-11-29 00:01:09,410 - Velocimacro : Default library not found.
2016-11-29 00:01:09,410 - Velocimacro : allowInline = true : VMs can be defined inline in templates
2016-11-29 00:01:09,410 - Velocimacro : allowInlineToOverride = false : VMs defined inline may NOT replace previous VM definitions
2016-11-29 00:01:09,410 - Velocimacro : allowInlineLocal = false : VMs defined inline will be global in scope if allowed.
2016-11-29 00:01:09,410 - Velocimacro : autoload off : VM system will not automatically reload global library macros
2016-11-29 00:01:59,685 - Log4JLogChute initialized using file 'velocity.log'
2016-11-29 00:01:59,685 - Initializing Velocity, Calling init()...
2016-11-29 00:01:59,685 - Starting Apache Velocity v@build.version@ (compiled: @build.time@)
2016-11-29 00:01:59,685 - Default Properties File: bboss-velocity.properties
2016-11-29 00:01:59,685 - Trying to use logger class bboss.org.apache.velocity.runtime.log.AvalonLogChute
2016-11-29 00:01:59,685 - Target log system for bboss.org.apache.velocity.runtime.log.AvalonLogChute is not available (java.lang.NoClassDefFoundError: org/apache/log/format/Formatter).  Falling back to next log system...
2016-11-29 00:01:59,685 - Trying to use logger class bboss.org.apache.velocity.runtime.log.Log4JLogChute
2016-11-29 00:01:59,685 - Using logger class bboss.org.apache.velocity.runtime.log.Log4JLogChute
2016-11-29 00:01:59,687 - ResourceLoader instantiated: bboss.org.apache.velocity.runtime.resource.loader.ClasspathResourceLoader
2016-11-29 00:01:59,696 - ResourceCache: initialized (class bboss.org.apache.velocity.runtime.resource.ResourceCacheImpl) with class java.util.Collections$SynchronizedMap cache map.
2016-11-29 00:01:59,697 - Loaded System Directive: bboss.org.apache.velocity.runtime.directive.Stop
2016-11-29 00:01:59,698 - Loaded System Directive: bboss.org.apache.velocity.runtime.directive.Define
2016-11-29 00:01:59,698 - Loaded System Directive: bboss.org.apache.velocity.runtime.directive.Break
2016-11-29 00:01:59,698 - Loaded System Directive: bboss.org.apache.velocity.runtime.directive.Evaluate
2016-11-29 00:01:59,698 - Loaded System Directive: bboss.org.apache.velocity.runtime.directive.Literal
2016-11-29 00:01:59,699 - Loaded System Directive: bboss.org.apache.velocity.runtime.directive.Macro
2016-11-29 00:01:59,700 - Loaded System Directive: bboss.org.apache.velocity.runtime.directive.Parse
2016-11-29 00:01:59,701 - Loaded System Directive: bboss.org.apache.velocity.runtime.directive.Include
2016-11-29 00:01:59,702 - Loaded System Directive: bboss.org.apache.velocity.runtime.directive.Foreach
2016-11-29 00:01:59,718 - Created '20' parsers.
2016-11-29 00:01:59,719 - Created '20' parsers.
2016-11-29 00:01:59,722 - Velocimacro : "velocimacro.library" is not set.  Trying default library: VM_global_library.vm
2016-11-29 00:01:59,723 - Could not load resource 'VM_global_library.vm' from ResourceLoader bboss.org.apache.velocity.runtime.resource.loader.ClasspathResourceLoader: ClasspathResourceLoader Error: cannot find resource VM_global_library.vm
2016-11-29 00:01:59,723 - Velocimacro : Default library not found.
2016-11-29 00:01:59,723 - Velocimacro : allowInline = true : VMs can be defined inline in templates
2016-11-29 00:01:59,723 - Velocimacro : allowInlineToOverride = false : VMs defined inline may NOT replace previous VM definitions
2016-11-29 00:01:59,723 - Velocimacro : allowInlineLocal = false : VMs defined inline will be global in scope if allowed.
2016-11-29 00:01:59,723 - Velocimacro : autoload off : VM system will not automatically reload global library macros
2016-11-29 00:02:42,194 - Log4JLogChute initialized using file 'velocity.log'
2016-11-29 00:02:42,194 - Initializing Velocity, Calling init()...
2016-11-29 00:02:42,194 - Starting Apache Velocity v@build.version@ (compiled: @build.time@)
2016-11-29 00:02:42,194 - Default Properties File: bboss-velocity.properties
2016-11-29 00:02:42,194 - Trying to use logger class bboss.org.apache.velocity.runtime.log.AvalonLogChute
2016-11-29 00:02:42,194 - Target log system for bboss.org.apache.velocity.runtime.log.AvalonLogChute is not available (java.lang.NoClassDefFoundError: org/apache/log/format/Formatter).  Falling back to next log system...
2016-11-29 00:02:42,194 - Trying to use logger class bboss.org.apache.velocity.runtime.log.Log4JLogChute
2016-11-29 00:02:42,194 - Using logger class bboss.org.apache.velocity.runtime.log.Log4JLogChute
2016-11-29 00:02:42,197 - ResourceLoader instantiated: bboss.org.apache.velocity.runtime.resource.loader.ClasspathResourceLoader
2016-11-29 00:02:42,205 - ResourceCache: initialized (class bboss.org.apache.velocity.runtime.resource.ResourceCacheImpl) with class java.util.Collections$SynchronizedMap cache map.
2016-11-29 00:02:42,206 - Loaded System Directive: bboss.org.apache.velocity.runtime.directive.Stop
2016-11-29 00:02:42,206 - Loaded System Directive: bboss.org.apache.velocity.runtime.directive.Define
2016-11-29 00:02:42,207 - Loaded System Directive: bboss.org.apache.velocity.runtime.directive.Break
2016-11-29 00:02:42,207 - Loaded System Directive: bboss.org.apache.velocity.runtime.directive.Evaluate
2016-11-29 00:02:42,207 - Loaded System Directive: bboss.org.apache.velocity.runtime.directive.Literal
2016-11-29 00:02:42,208 - Loaded System Directive: bboss.org.apache.velocity.runtime.directive.Macro
2016-11-29 00:02:42,208 - Loaded System Directive: bboss.org.apache.velocity.runtime.directive.Parse
2016-11-29 00:02:42,209 - Loaded System Directive: bboss.org.apache.velocity.runtime.directive.Include
2016-11-29 00:02:42,209 - Loaded System Directive: bboss.org.apache.velocity.runtime.directive.Foreach
2016-11-29 00:02:42,224 - Created '20' parsers.
2016-11-29 00:02:42,225 - Created '20' parsers.
2016-11-29 00:02:42,228 - Velocimacro : "velocimacro.library" is not set.  Trying default library: VM_global_library.vm
2016-11-29 00:02:42,228 - Could not load resource 'VM_global_library.vm' from ResourceLoader bboss.org.apache.velocity.runtime.resource.loader.ClasspathResourceLoader: ClasspathResourceLoader Error: cannot find resource VM_global_library.vm
2016-11-29 00:02:42,228 - Velocimacro : Default library not found.
2016-11-29 00:02:42,228 - Velocimacro : allowInline = true : VMs can be defined inline in templates
2016-11-29 00:02:42,228 - Velocimacro : allowInlineToOverride = false : VMs defined inline may NOT replace previous VM definitions
2016-11-29 00:02:42,228 - Velocimacro : allowInlineLocal = false : VMs defined inline will be global in scope if allowed.
2016-11-29 00:02:42,228 - Velocimacro : autoload off : VM system will not automatically reload global library macros
2016-11-29 11:18:48,239 - Log4JLogChute initialized using file 'velocity.log'
2016-11-29 11:18:48,239 - Initializing Velocity, Calling init()...
2016-11-29 11:18:48,239 - Starting Apache Velocity v@build.version@ (compiled: @build.time@)
2016-11-29 11:18:48,239 - Default Properties File: bboss-velocity.properties
2016-11-29 11:18:48,239 - Trying to use logger class bboss.org.apache.velocity.runtime.log.AvalonLogChute
2016-11-29 11:18:48,239 - Target log system for bboss.org.apache.velocity.runtime.log.AvalonLogChute is not available (java.lang.NoClassDefFoundError: org/apache/log/format/Formatter).  Falling back to next log system...
2016-11-29 11:18:48,239 - Trying to use logger class bboss.org.apache.velocity.runtime.log.Log4JLogChute
2016-11-29 11:18:48,239 - Using logger class bboss.org.apache.velocity.runtime.log.Log4JLogChute
2016-11-29 11:18:48,241 - ResourceLoader instantiated: bboss.org.apache.velocity.runtime.resource.loader.ClasspathResourceLoader
2016-11-29 11:18:48,250 - ResourceCache: initialized (class bboss.org.apache.velocity.runtime.resource.ResourceCacheImpl) with class java.util.Collections$SynchronizedMap cache map.
2016-11-29 11:18:48,250 - Loaded System Directive: bboss.org.apache.velocity.runtime.directive.Stop
2016-11-29 11:18:48,251 - Loaded System Directive: bboss.org.apache.velocity.runtime.directive.Define
2016-11-29 11:18:48,251 - Loaded System Directive: bboss.org.apache.velocity.runtime.directive.Break
2016-11-29 11:18:48,252 - Loaded System Directive: bboss.org.apache.velocity.runtime.directive.Evaluate
2016-11-29 11:18:48,252 - Loaded System Directive: bboss.org.apache.velocity.runtime.directive.Literal
2016-11-29 11:18:48,253 - Loaded System Directive: bboss.org.apache.velocity.runtime.directive.Macro
2016-11-29 11:18:48,254 - Loaded System Directive: bboss.org.apache.velocity.runtime.directive.Parse
2016-11-29 11:18:48,255 - Loaded System Directive: bboss.org.apache.velocity.runtime.directive.Include
2016-11-29 11:18:48,256 - Loaded System Directive: bboss.org.apache.velocity.runtime.directive.Foreach
2016-11-29 11:18:48,273 - Created '20' parsers.
2016-11-29 11:18:48,274 - Created '20' parsers.
2016-11-29 11:18:48,276 - Velocimacro : "velocimacro.library" is not set.  Trying default library: VM_global_library.vm
2016-11-29 11:18:48,277 - Could not load resource 'VM_global_library.vm' from ResourceLoader bboss.org.apache.velocity.runtime.resource.loader.ClasspathResourceLoader: ClasspathResourceLoader Error: cannot find resource VM_global_library.vm
2016-11-29 11:18:48,277 - Velocimacro : Default library not found.
2016-11-29 11:18:48,277 - Velocimacro : allowInline = true : VMs can be defined inline in templates
2016-11-29 11:18:48,277 - Velocimacro : allowInlineToOverride = false : VMs defined inline may NOT replace previous VM definitions
2016-11-29 11:18:48,277 - Velocimacro : allowInlineLocal = false : VMs defined inline will be global in scope if allowed.
2016-11-29 11:18:48,277 - Velocimacro : autoload off : VM system will not automatically reload global library macros
2016-11-29 11:24:56,152 - Log4JLogChute initialized using file 'velocity.log'
2016-11-29 11:24:56,153 - Initializing Velocity, Calling init()...
2016-11-29 11:24:56,153 - Starting Apache Velocity v@build.version@ (compiled: @build.time@)
2016-11-29 11:24:56,153 - Default Properties File: bboss-velocity.properties
2016-11-29 11:24:56,153 - Trying to use logger class bboss.org.apache.velocity.runtime.log.AvalonLogChute
2016-11-29 11:24:56,153 - Target log system for bboss.org.apache.velocity.runtime.log.AvalonLogChute is not available (java.lang.NoClassDefFoundError: org/apache/log/format/Formatter).  Falling back to next log system...
2016-11-29 11:24:56,153 - Trying to use logger class bboss.org.apache.velocity.runtime.log.Log4JLogChute
2016-11-29 11:24:56,153 - Using logger class bboss.org.apache.velocity.runtime.log.Log4JLogChute
2016-11-29 11:24:56,156 - ResourceLoader instantiated: bboss.org.apache.velocity.runtime.resource.loader.ClasspathResourceLoader
2016-11-29 11:24:56,163 - ResourceCache: initialized (class bboss.org.apache.velocity.runtime.resource.ResourceCacheImpl) with class java.util.Collections$SynchronizedMap cache map.
2016-11-29 11:24:56,163 - Loaded System Directive: bboss.org.apache.velocity.runtime.directive.Stop
2016-11-29 11:24:56,164 - Loaded System Directive: bboss.org.apache.velocity.runtime.directive.Define
2016-11-29 11:24:56,164 - Loaded System Directive: bboss.org.apache.velocity.runtime.directive.Break
2016-11-29 11:24:56,164 - Loaded System Directive: bboss.org.apache.velocity.runtime.directive.Evaluate
2016-11-29 11:24:56,165 - Loaded System Directive: bboss.org.apache.velocity.runtime.directive.Literal
2016-11-29 11:24:56,165 - Loaded System Directive: bboss.org.apache.velocity.runtime.directive.Macro
2016-11-29 11:24:56,166 - Loaded System Directive: bboss.org.apache.velocity.runtime.directive.Parse
2016-11-29 11:24:56,166 - Loaded System Directive: bboss.org.apache.velocity.runtime.directive.Include
2016-11-29 11:24:56,167 - Loaded System Directive: bboss.org.apache.velocity.runtime.directive.Foreach
2016-11-29 11:24:56,181 - Created '20' parsers.
2016-11-29 11:24:56,182 - Created '20' parsers.
2016-11-29 11:24:56,184 - Velocimacro : "velocimacro.library" is not set.  Trying default library: VM_global_library.vm
2016-11-29 11:24:56,184 - Could not load resource 'VM_global_library.vm' from ResourceLoader bboss.org.apache.velocity.runtime.resource.loader.ClasspathResourceLoader: ClasspathResourceLoader Error: cannot find resource VM_global_library.vm
2016-11-29 11:24:56,184 - Velocimacro : Default library not found.
2016-11-29 11:24:56,184 - Velocimacro : allowInline = true : VMs can be defined inline in templates
2016-11-29 11:24:56,184 - Velocimacro : allowInlineToOverride = false : VMs defined inline may NOT replace previous VM definitions
2016-11-29 11:24:56,184 - Velocimacro : allowInlineLocal = false : VMs defined inline will be global in scope if allowed.
2016-11-29 11:24:56,184 - Velocimacro : autoload off : VM system will not automatically reload global library macros
